2024-05-15 10:44:37,459 (3853/MainThread) __main__ ERROR      eventloop:811  - error with sql: 'create table if not exists RAW_DATA.DATASETS_FIELDS_COLUMNS_TMP (\r\n\tTABLE_CATALOG\t\t\t\t{{varchar_max}},\r\n\tTABLE_SCHEMA\t\t\t\t{{varchar_max}},\r\n\tTABLE_NAME\t\t\t\t\t{{varchar_max}},\r\n\tCOLUMN_NAME\t\t\t\t\t{{varchar_max}},\r\n\tORDINAL_POSITION\t\t\t{{varchar_max}},\r\n\tCOLUMN_DEFAULT\t\t\t\t{{varchar_max}},\r\n\tIS_NULLABLE\t\t\t\t\t{{varchar_max}},\r\n\tDATA_TYPE\t\t\t\t\t{{varchar_max}},\r\n\tCHARACTER_MAXIMUM_LENGTH\t{{varchar_max}},\r\n\tCHARACTER_OCTET_LENGTH\t\t{{varchar_max}},\r\n\tNUMERIC_PRECISION\t\t\t{{varchar_max}},\r\n\tNUMERIC_PRECISION_RADIX\t\t{{varchar_max}},\r\n\tNUMERIC_SCALE\t\t\t\t{{varchar_max}},\r\n\tDATETIME_PRECISION\t\t\t{{varchar_max}},\r\n\tINTERVAL_TYPE\t\t\t\t{{varchar_max}},\r\n\tINTERVAL_PRECISION\t\t\t{{varchar_max}},\r\n\tCHARACTER_SET_CATALOG\t\t{{varchar_max}},\r\n\tCHARACTER_SET_SCHEMA\t\t{{varchar_max}},\r\n\tCHARACTER_SET_NAME\t\t\t{{varchar_max}},\r\n\tCOLLATION_CATALOG\t\t\t{{varchar_max}},\r\n\tCOLLATION_SCHEMA\t\t\t{{varchar_max}},\r\n\tCOLLATION_NAME\t\t\t\t{{varchar_max}},\r\n\tDOMAIN_CATALOG\t\t\t\t{{varchar_max}},\r\n\tDOMAIN_SCHEMA\t\t\t\t{{varchar_max}},\r\n\tDOMAIN_NAME\t\t\t\t\t{{varchar_max}},\r\n\tUDT_CATALOG\t\t\t\t\t{{varchar_max}},\r\n\tUDT_SCHEMA\t\t\t\t\t{{varchar_max}},\r\n\tUDT_NAME\t\t\t\t\t{{varchar_max}},\r\n\tSCOPE_CATALOG\t\t\t\t{{varchar_max}},\r\n\tSCOPE_SCHEMA\t\t\t\t{{varchar_max}},\r\n\tSCOPE_NAME\t\t\t\t\t{{varchar_max}},\r\n\tMAXIMUM_CARDINALITY\t\t\t{{varchar_max}},\r\n\tDTD_IDENTIFIER\t\t\t\t{{varchar_max}},\r\n\tIS_SELF_REFERENCING\t\t\t{{varchar_max}},\r\n\tIS_IDENTITY\t\t\t\t\t{{varchar_max}},\r\n\tIDENTITY_GENERATION\t\t\t{{varchar_max}},\r\n\tIDENTITY_START\t\t\t\t{{varchar_max}},\r\n\tIDENTITY_INCREMENT\t\t\t{{varchar_max}},\r\n\tIDENTITY_MAXIMUM\t\t\t{{varchar_max}},\r\n\tIDENTITY_MINIMUM\t\t\t{{varchar_max}},\r\n\tIDENTITY_CYCLE\t\t\t\t{{varchar_max}},\r\n\tCOMMENT\t\t\t\t\t\t{{varchar_max}}\r\n);'
Traceback (most recent call last):
  File "eventloop.py", line 755, in run_cli
  File "snowflake/cli/sqlexecute.py", line 491, in run
  File "snowflake/cli/sqlexecute.py", line 574, in execute_normal_sql
  File "snowflake/connector/cursor.py", line 908, in execute
  File "snowflake/connector/errors.py", line 290, in errorhandler_wrapper
  File "snowflake/connector/errors.py", line 345, in hand_to_other_handler
  File "snowflake/connector/errors.py", line 221, in default_errorhandler
snowflake.connector.errors.ProgrammingError: 001003 (42000): SQL compilation error:
syntax error line 2 at position 18 unexpected '{'.
syntax error line 3 at position 17 unexpected '{'.
syntax error line 4 at position 16 unexpected '{'.
syntax error line 5 at position 17 unexpected '{'.
syntax error line 6 at position 20 unexpected '{'.
syntax error line 7 at position 19 unexpected '{'.
syntax error line 8 at position 17 unexpected '{'.
syntax error line 9 at position 15 unexpected '{'.
syntax error line 10 at position 26 unexpected '{'.
syntax error line 11 at position 25 unexpected '{'.
syntax error line 12 at position 21 unexpected '{'.
syntax error line 13 at position 26 unexpected '{'.
syntax error line 14 at position 18 unexpected '{'.
syntax error line 15 at position 22 unexpected '{'.
syntax error line 16 at position 18 unexpected '{'.
syntax error line 17 at position 22 unexpected '{'.
syntax error line 18 at position 24 unexpected '{'.
syntax error line 19 at position 23 unexpected '{'.
syntax error line 20 at position 22 unexpected '{'.
syntax error line 21 at position 21 unexpected '{'.
syntax error line 22 at position 20 unexpected '{'.
syntax error line 23 at position 19 unexpected '{'.
syntax error line 24 at position 19 unexpected '{'.
syntax error line 25 at position 18 unexpected '{'.
syntax error line 26 at position 17 unexpected '{'.
syntax error line 27 at position 17 unexpected '{'.
syntax error line 28 at position 16 unexpected '{'.
syntax error line 29 at position 14 unexpected '{'.
syntax error line 30 at position 18 unexpected '{'.
syntax error line 31 at position 17 unexpected '{'.
syntax error line 32 at position 16 unexpected '{'.
syntax error line 33 at position 23 unexpected '{'.
syntax error line 34 at position 19 unexpected '{'.
syntax error line 35 at position 23 unexpected '{'.
syntax error line 36 at position 17 unexpected '{'.
syntax error line 37 at position 23 unexpected '{'.
syntax error line 38 at position 19 unexpected '{'.
syntax error line 39 at position 22 unexpected '{'.
syntax error line 40 at position 20 unexpected '{'.
syntax error line 41 at position 20 unexpected '{'.
syntax error line 42 at position 19 unexpected '{'.
syntax error line 43 at position 14 unexpected '{'.
2024-05-15 10:44:39,657 (3853/MainThread) __main__ ERROR      eventloop:811  - error with sql: 'create table if not exists RAW_DATA.DATASETS_FIELDS_COLUMNS (\r\n\tTABLE_CATALOG\t\t\t\t{{varchar_max}},\r\n\tTABLE_SCHEMA\t\t\t\t{{varchar_max}},\r\n\tTABLE_NAME\t\t\t\t\t{{varchar_max}},\r\n\tCOLUMN_NAME\t\t\t\t\t{{varchar_max}},\r\n\tORDINAL_POSITION\t\t\t{{varchar_max}},\r\n\tCOLUMN_DEFAULT\t\t\t\t{{varchar_max}},\r\n\tIS_NULLABLE\t\t\t\t\t{{varchar_max}},\r\n\tDATA_TYPE\t\t\t\t\t{{varchar_max}},\r\n\tCHARACTER_MAXIMUM_LENGTH\t{{varchar_max}},\r\n\tCHARACTER_OCTET_LENGTH\t\t{{varchar_max}},\r\n\tNUMERIC_PRECISION\t\t\t{{varchar_max}},\r\n\tNUMERIC_PRECISION_RADIX\t\t{{varchar_max}},\r\n\tNUMERIC_SCALE\t\t\t\t{{varchar_max}},\r\n\tDATETIME_PRECISION\t\t\t{{varchar_max}},\r\n\tINTERVAL_TYPE\t\t\t\t{{varchar_max}},\r\n\tINTERVAL_PRECISION\t\t\t{{varchar_max}},\r\n\tCHARACTER_SET_CATALOG\t\t{{varchar_max}},\r\n\tCHARACTER_SET_SCHEMA\t\t{{varchar_max}},\r\n\tCHARACTER_SET_NAME\t\t\t{{varchar_max}},\r\n\tCOLLATION_CATALOG\t\t\t{{varchar_max}},\r\n\tCOLLATION_SCHEMA\t\t\t{{varchar_max}},\r\n\tCOLLATION_NAME\t\t\t\t{{varchar_max}},\r\n\tDOMAIN_CATALOG\t\t\t\t{{varchar_max}},\r\n\tDOMAIN_SCHEMA\t\t\t\t{{varchar_max}},\r\n\tDOMAIN_NAME\t\t\t\t\t{{varchar_max}},\r\n\tUDT_CATALOG\t\t\t\t\t{{varchar_max}},\r\n\tUDT_SCHEMA\t\t\t\t\t{{varchar_max}},\r\n\tUDT_NAME\t\t\t\t\t{{varchar_max}},\r\n\tSCOPE_CATALOG\t\t\t\t{{varchar_max}},\r\n\tSCOPE_SCHEMA\t\t\t\t{{varchar_max}},\r\n\tSCOPE_NAME\t\t\t\t\t{{varchar_max}},\r\n\tMAXIMUM_CARDINALITY\t\t\t{{varchar_max}},\r\n\tDTD_IDENTIFIER\t\t\t\t{{varchar_max}},\r\n\tIS_SELF_REFERENCING\t\t\t{{varchar_max}},\r\n\tIS_IDENTITY\t\t\t\t\t{{varchar_max}},\r\n\tIDENTITY_GENERATION\t\t\t{{varchar_max}},\r\n\tIDENTITY_START\t\t\t\t{{varchar_max}},\r\n\tIDENTITY_INCREMENT\t\t\t{{varchar_max}},\r\n\tIDENTITY_MAXIMUM\t\t\t{{varchar_max}},\r\n\tIDENTITY_MINIMUM\t\t\t{{varchar_max}},\r\n\tIDENTITY_CYCLE\t\t\t\t{{varchar_max}},\r\n\tCOMMENT\t\t\t\t\t\t{{varchar_max}}\r\n);'
Traceback (most recent call last):
  File "eventloop.py", line 755, in run_cli
  File "snowflake/cli/sqlexecute.py", line 491, in run
  File "snowflake/cli/sqlexecute.py", line 574, in execute_normal_sql
  File "snowflake/connector/cursor.py", line 908, in execute
  File "snowflake/connector/errors.py", line 290, in errorhandler_wrapper
  File "snowflake/connector/errors.py", line 345, in hand_to_other_handler
  File "snowflake/connector/errors.py", line 221, in default_errorhandler
snowflake.connector.errors.ProgrammingError: 001003 (42000): SQL compilation error:
syntax error line 2 at position 18 unexpected '{'.
syntax error line 3 at position 17 unexpected '{'.
syntax error line 4 at position 16 unexpected '{'.
syntax error line 5 at position 17 unexpected '{'.
syntax error line 6 at position 20 unexpected '{'.
syntax error line 7 at position 19 unexpected '{'.
syntax error line 8 at position 17 unexpected '{'.
syntax error line 9 at position 15 unexpected '{'.
syntax error line 10 at position 26 unexpected '{'.
syntax error line 11 at position 25 unexpected '{'.
syntax error line 12 at position 21 unexpected '{'.
syntax error line 13 at position 26 unexpected '{'.
syntax error line 14 at position 18 unexpected '{'.
syntax error line 15 at position 22 unexpected '{'.
syntax error line 16 at position 18 unexpected '{'.
syntax error line 17 at position 22 unexpected '{'.
syntax error line 18 at position 24 unexpected '{'.
syntax error line 19 at position 23 unexpected '{'.
syntax error line 20 at position 22 unexpected '{'.
syntax error line 21 at position 21 unexpected '{'.
syntax error line 22 at position 20 unexpected '{'.
syntax error line 23 at position 19 unexpected '{'.
syntax error line 24 at position 19 unexpected '{'.
syntax error line 25 at position 18 unexpected '{'.
syntax error line 26 at position 17 unexpected '{'.
syntax error line 27 at position 17 unexpected '{'.
syntax error line 28 at position 16 unexpected '{'.
syntax error line 29 at position 14 unexpected '{'.
syntax error line 30 at position 18 unexpected '{'.
syntax error line 31 at position 17 unexpected '{'.
syntax error line 32 at position 16 unexpected '{'.
syntax error line 33 at position 23 unexpected '{'.
syntax error line 34 at position 19 unexpected '{'.
syntax error line 35 at position 23 unexpected '{'.
syntax error line 36 at position 17 unexpected '{'.
syntax error line 37 at position 23 unexpected '{'.
syntax error line 38 at position 19 unexpected '{'.
syntax error line 39 at position 22 unexpected '{'.
syntax error line 40 at position 20 unexpected '{'.
syntax error line 41 at position 20 unexpected '{'.
syntax error line 42 at position 19 unexpected '{'.
syntax error line 43 at position 14 unexpected '{'.
